<?xml version="1.0" encoding="UTF-8"?>
<testsuite name="net.javaguides.sms.StudentManagementSystemApplicationTest" tests="1" skipped="0" failures="0" errors="0" timestamp="2023-11-03T09:49:36" hostname="ALIPL3204" time="0.003">
  <properties/>
  <testcase name="testConstructor" classname="net.javaguides.sms.StudentManagementSystemApplicationTest" time="0.003"/>
  <system-out><![CDATA[]]></system-out>
  <system-err><![CDATA[]]></system-err>
</testsuite>
