<?xml version="1.0" encoding="UTF-8"?>
<testsuite name="net.javaguides.sms.entity.StudentDiffblueTest" tests="2" skipped="0" failures="0" errors="0" timestamp="2023-11-03T09:49:38" hostname="ALIPL3204" time="0.0">
  <properties/>
  <testcase name="testConstructor2" classname="net.javaguides.sms.entity.StudentDiffblueTest" time="0.0"/>
  <testcase name="testConstructor" classname="net.javaguides.sms.entity.StudentDiffblueTest" time="0.0"/>
  <system-out><![CDATA[]]></system-out>
  <system-err><![CDATA[]]></system-err>
</testsuite>
